2023-06-01 17:07:13,384 - WARNING - CAN was not inited: unhashable type
2023-06-01 17:07:13,487 - WARNING - CAN was not inited: unhashable type
2023-06-01 17:07:13,589 - WARNING - CAN was not inited: unhashable type
2023-06-01 17:07:13,690 - WARNING - CAN was not inited: unhashable type
2023-06-01 17:07:13,793 - WARNING - CAN was not inited: unhashable type
2023-06-01 17:07:13,894 - WARNING - CAN was not inited: unhashable type
2023-06-01 17:07:13,996 - WARNING - CAN was not inited: unhashable type
2023-06-01 17:07:14,098 - WARNING - CAN was not inited: unhashable type
2023-06-01 17:07:14,199 - WARNING - CAN was not inited: unhashable type
2023-06-01 17:07:14,302 - WARNING - CAN was not inited: unhashable type
2023-06-01 17:07:17,132 - WARNING - CAN was not inited: unhashable type
2023-06-01 17:07:17,236 - WARNING - CAN was not inited: unhashable type
2023-06-01 17:07:17,339 - WARNING - CAN was not inited: unhashable type
2023-06-01 17:07:17,440 - WARNING - CAN was not inited: unhashable type
2023-06-01 17:07:17,543 - WARNING - CAN was not inited: unhashable type
2023-06-01 17:07:17,644 - WARNING - CAN was not inited: unhashable type
2023-06-01 17:07:17,746 - WARNING - CAN was not inited: unhashable type
2023-06-01 17:07:17,849 - WARNING - CAN was not inited: unhashable type
2023-06-01 17:07:17,950 - WARNING - CAN was not inited: unhashable type
2023-06-01 17:07:18,054 - WARNING - CAN was not inited: unhashable type
2023-06-01 17:07:22,476 - WARNING - CAN was not inited: unhashable type
2023-06-01 17:07:22,578 - WARNING - CAN was not inited: unhashable type
2023-06-01 17:07:22,681 - WARNING - CAN was not inited: unhashable type
2023-06-01 17:07:22,783 - WARNING - CAN was not inited: unhashable type
2023-06-01 17:07:22,885 - WARNING - CAN was not inited: unhashable type
2023-06-01 17:07:22,987 - WARNING - CAN was not inited: unhashable type
2023-06-01 17:07:23,088 - WARNING - CAN was not inited: unhashable type
2023-06-01 17:07:23,190 - WARNING - CAN was not inited: unhashable type
2023-06-01 17:07:23,294 - WARNING - CAN was not inited: unhashable type
2023-06-01 17:07:23,395 - WARNING - CAN was not inited: unhashable type
2023-06-01 17:07:24,735 - INFO - CAN was inited!
2023-06-01 17:07:30,203 - INFO - CAN was deinited!
2023-06-01 17:07:33,438 - INFO - CAN was inited!
2023-06-01 17:07:37,262 - INFO - CAN was deinited!
2023-06-01 17:07:38,108 - INFO - CAN Task Cancelled
2023-06-01 17:07:38,108 - INFO - CAN Task finished emitted
2023-06-01 17:11:37,175 - INFO - CAN was inited!
2023-06-01 17:13:15,718 - INFO - CAN was inited!
